0 info it worked if it ends with ok
1 verbose cli [ 'C:\\Program Files\\nodejs\\node.exe',
1 verbose cli   'C:\\Users\\z07\\AppData\\Roaming\\npm\\node_modules\\npm\\bin\\npm-cli.js',
1 verbose cli   'install',
1 verbose cli   'printer',
1 verbose cli   '--msvs_version=2013' ]
2 info using npm@3.10.2
3 info using node@v4.4.3
4 silly loadCurrentTree Starting
5 silly install loadCurrentTree
6 silly install readLocalPackageData
7 silly fetchPackageMetaData printer
8 silly fetchNamedPackageData printer
9 silly mapToRegistry name printer
10 silly mapToRegistry using default registry
11 silly mapToRegistry registry http://registry.npm.taobao.org/
12 silly mapToRegistry data Result {
12 silly mapToRegistry   raw: 'printer',
12 silly mapToRegistry   scope: null,
12 silly mapToRegistry   escapedName: 'printer',
12 silly mapToRegistry   name: 'printer',
12 silly mapToRegistry   rawSpec: '',
12 silly mapToRegistry   spec: 'latest',
12 silly mapToRegistry   type: 'tag' }
13 silly mapToRegistry uri http://registry.npm.taobao.org/printer
14 verbose request uri http://registry.npm.taobao.org/printer
15 verbose request no auth needed
16 info attempt registry request try #1 at 13:15:20
17 verbose request id bea0323181ea8119
18 http request GET http://registry.npm.taobao.org/printer
19 http 200 http://registry.npm.taobao.org/printer
20 verbose headers { server: 'nginx/1.4.6 (Ubuntu)',
20 verbose headers   date: 'Wed, 06 Jul 2016 05:15:25 GMT',
20 verbose headers   'content-type': 'application/json; charset=utf-8',
20 verbose headers   'transfer-encoding': 'chunked',
20 verbose headers   connection: 'keep-alive',
20 verbose headers   'x-readtime': '16',
20 verbose headers   'content-encoding': 'gzip' }
21 silly get cb [ 200,
21 silly get   { server: 'nginx/1.4.6 (Ubuntu)',
21 silly get     date: 'Wed, 06 Jul 2016 05:15:25 GMT',
21 silly get     'content-type': 'application/json; charset=utf-8',
21 silly get     'transfer-encoding': 'chunked',
21 silly get     connection: 'keep-alive',
21 silly get     'x-readtime': '16',
21 silly get     'content-encoding': 'gzip' } ]
22 verbose get saving printer to C:\Users\z07\AppData\Roaming\npm-cache\registry.npm.taobao.org\printer\.cache.json
23 verbose correctMkdir C:\Users\z07\AppData\Roaming\npm-cache correctMkdir not in flight; initializing
24 silly install normalizeTree
25 silly loadCurrentTree Finishing
26 silly loadIdealTree Starting
27 silly install loadIdealTree
28 silly cloneCurrentTree Starting
29 silly install cloneCurrentTreeToIdealTree
30 silly cloneCurrentTree Finishing
31 silly loadShrinkwrap Starting
32 silly install loadShrinkwrap
33 silly loadShrinkwrap Finishing
34 silly loadAllDepsIntoIdealTree Starting
35 silly install loadAllDepsIntoIdealTree
36 silly resolveWithNewModule printer@0.2.1 checking installable status
37 silly cache add args [ 'printer', null ]
38 verbose cache add spec printer
39 silly cache add parsed spec Result {
39 silly cache add   raw: 'printer',
39 silly cache add   scope: null,
39 silly cache add   escapedName: 'printer',
39 silly cache add   name: 'printer',
39 silly cache add   rawSpec: '',
39 silly cache add   spec: 'latest',
39 silly cache add   type: 'tag' }
40 silly addNamed printer@latest
41 verbose addNamed "latest" is being treated as a dist-tag for printer
42 info addNameTag [ 'printer', 'latest' ]
43 silly mapToRegistry name printer
44 silly mapToRegistry using default registry
45 silly mapToRegistry registry http://registry.npm.taobao.org/
46 silly mapToRegistry data Result {
46 silly mapToRegistry   raw: 'printer',
46 silly mapToRegistry   scope: null,
46 silly mapToRegistry   escapedName: 'printer',
46 silly mapToRegistry   name: 'printer',
46 silly mapToRegistry   rawSpec: '',
46 silly mapToRegistry   spec: 'latest',
46 silly mapToRegistry   type: 'tag' }
47 silly mapToRegistry uri http://registry.npm.taobao.org/printer
48 verbose addNameTag registry:http://registry.npm.taobao.org/printer not in flight; fetching
49 verbose get http://registry.npm.taobao.org/printer not expired, no request
50 silly addNameTag next cb for printer with tag latest
51 silly addNamed printer@0.2.1
52 verbose addNamed "0.2.1" is a plain semver version for printer
53 silly cache afterAdd printer@0.2.1
54 verbose afterAdd C:\Users\z07\AppData\Roaming\npm-cache\printer\0.2.1\package\package.json not in flight; writing
55 verbose correctMkdir C:\Users\z07\AppData\Roaming\npm-cache correctMkdir not in flight; initializing
56 verbose afterAdd C:\Users\z07\AppData\Roaming\npm-cache\printer\0.2.1\package\package.json written
57 silly loadAllDepsIntoIdealTree Finishing
58 silly loadIdealTree Finishing
59 silly currentTree ztprint@1.0.0
60 silly idealTree ztprint@1.0.0
60 silly idealTree `-- printer@0.2.1
61 silly generateActionsToTake Starting
62 silly install generateActionsToTake
63 silly generateActionsToTake Finishing
64 silly diffTrees action count 1
65 silly diffTrees add printer@0.2.1
66 silly decomposeActions action count 8
67 silly decomposeActions fetch printer@0.2.1
68 silly decomposeActions extract printer@0.2.1
69 silly decomposeActions test printer@0.2.1
70 silly decomposeActions preinstall printer@0.2.1
71 silly decomposeActions build printer@0.2.1
72 silly decomposeActions install printer@0.2.1
73 silly decomposeActions postinstall printer@0.2.1
74 silly decomposeActions finalize printer@0.2.1
75 silly executeActions Starting
76 silly install executeActions
77 silly doSerial global-install 0
78 silly doParallel fetch 1
79 verbose correctMkdir C:\Users\z07\AppData\Roaming\npm-cache\_locks correctMkdir not in flight; initializing
80 verbose lock using C:\Users\z07\AppData\Roaming\npm-cache\_locks\staging-46bd9dce9dba3868.lock for C:\Users\z07\WebstormProjects\ztprint\node_modules\.staging
81 silly doParallel extract 1
82 silly extract printer@0.2.1
83 verbose unbuild node_modules\.staging\printer-e82a7661
84 silly gentlyRm C:\Users\z07\WebstormProjects\ztprint\node_modules\.staging\printer-e82a7661 is being purged from base C:\Users\z07\WebstormProjects\ztprint
85 verbose gentlyRm don't care about contents; nuking C:\Users\z07\WebstormProjects\ztprint\node_modules\.staging\printer-e82a7661
86 verbose tar unpack C:\Users\z07\AppData\Roaming\npm-cache\printer\0.2.1\package.tgz
87 verbose tar unpacking to C:\Users\z07\WebstormProjects\ztprint\node_modules\.staging\printer-e82a7661
88 silly gentlyRm C:\Users\z07\WebstormProjects\ztprint\node_modules\.staging\printer-e82a7661 is being purged
89 verbose gentlyRm don't care about contents; nuking C:\Users\z07\WebstormProjects\ztprint\node_modules\.staging\printer-e82a7661
90 silly gunzTarPerm modes [ '777', '666' ]
91 silly gunzTarPerm extractEntry package.json
92 silly gunzTarPerm modified mode [ 'package.json', 420, 438 ]
93 silly gunzTarPerm extractEntry .npmignore
94 silly gunzTarPerm modified mode [ '.npmignore', 420, 438 ]
95 silly gunzTarPerm extractEntry README.md
96 silly gunzTarPerm modified mode [ 'README.md', 420, 438 ]
97 silly gunzTarPerm extractEntry Gruntfile.js
98 silly gunzTarPerm modified mode [ 'Gruntfile.js', 420, 438 ]
99 silly gunzTarPerm extractEntry printer.js
100 silly gunzTarPerm modified mode [ 'printer.js', 420, 438 ]
101 silly gunzTarPerm extractEntry build/Makefile
102 silly gunzTarPerm modified mode [ 'build/Makefile', 420, 438 ]
103 silly gunzTarPerm extractEntry build/Release/.deps/Release/node_printer.node.d
104 silly gunzTarPerm modified mode [ 'build/Release/.deps/Release/node_printer.node.d', 420, 438 ]
105 silly gunzTarPerm extractEntry build/Release/.deps/Release/obj.target/node_printer/src/node_printer.o.d
106 silly gunzTarPerm modified mode [ 'build/Release/.deps/Release/obj.target/node_printer/src/node_printer.o.d',
106 silly gunzTarPerm   420,
106 silly gunzTarPerm   438 ]
107 silly gunzTarPerm extractEntry build/Release/.deps/Release/obj.target/node_printer/src/node_printer_posix.o.d
108 silly gunzTarPerm modified mode [ 'build/Release/.deps/Release/obj.target/node_printer/src/node_printer_posix.o.d',
108 silly gunzTarPerm   420,
108 silly gunzTarPerm   438 ]
109 silly gunzTarPerm extractEntry build/Release/.deps/Release/obj.target/node_printer.node.d
110 silly gunzTarPerm modified mode [ 'build/Release/.deps/Release/obj.target/node_printer.node.d',
110 silly gunzTarPerm   420,
110 silly gunzTarPerm   438 ]
111 silly gunzTarPerm extractEntry build/Release/linker.lock
112 silly gunzTarPerm modified mode [ 'build/Release/linker.lock', 420, 438 ]
113 silly gunzTarPerm extractEntry build/Release/node_printer.node
114 silly gunzTarPerm modified mode [ 'build/Release/node_printer.node', 493, 511 ]
115 silly gunzTarPerm extractEntry build/Release/obj.target/node_printer/src/node_printer.o
116 silly gunzTarPerm modified mode [ 'build/Release/obj.target/node_printer/src/node_printer.o',
116 silly gunzTarPerm   420,
116 silly gunzTarPerm   438 ]
117 silly gunzTarPerm extractEntry build/Release/obj.target/node_printer/src/node_printer_posix.o
118 silly gunzTarPerm modified mode [ 'build/Release/obj.target/node_printer/src/node_printer_posix.o',
118 silly gunzTarPerm   420,
118 silly gunzTarPerm   438 ]
119 silly gunzTarPerm extractEntry build/Release/obj.target/node_printer.node
120 silly gunzTarPerm modified mode [ 'build/Release/obj.target/node_printer.node', 493, 511 ]
121 silly gunzTarPerm extractEntry build/binding.Makefile
122 silly gunzTarPerm modified mode [ 'build/binding.Makefile', 420, 438 ]
123 silly gunzTarPerm extractEntry build/config.gypi
124 silly gunzTarPerm modified mode [ 'build/config.gypi', 420, 438 ]
125 silly gunzTarPerm extractEntry build/node_printer.target.mk
126 silly gunzTarPerm modified mode [ 'build/node_printer.target.mk', 420, 438 ]
127 silly gunzTarPerm extractEntry appveyor.yml
128 silly gunzTarPerm modified mode [ 'appveyor.yml', 420, 438 ]
129 silly gunzTarPerm extractEntry binding.gyp
130 silly gunzTarPerm modified mode [ 'binding.gyp', 420, 438 ]
131 silly gunzTarPerm extractEntry ChangeLog
132 silly gunzTarPerm modified mode [ 'ChangeLog', 420, 438 ]
133 silly gunzTarPerm extractEntry examples/cancelJob.js
134 silly gunzTarPerm modified mode [ 'examples/cancelJob.js', 420, 438 ]
135 silly gunzTarPerm extractEntry examples/getDefaultPrinterName.js
136 silly gunzTarPerm modified mode [ 'examples/getDefaultPrinterName.js', 420, 438 ]
137 silly gunzTarPerm extractEntry examples/getPrinterDriverOptions.js
138 silly gunzTarPerm modified mode [ 'examples/getPrinterDriverOptions.js', 420, 438 ]
139 silly gunzTarPerm extractEntry examples/getPrinters.js
140 silly gunzTarPerm modified mode [ 'examples/getPrinters.js', 420, 438 ]
141 silly gunzTarPerm extractEntry examples/getSupportedFormats.js
142 silly gunzTarPerm modified mode [ 'examples/getSupportedFormats.js', 420, 438 ]
143 silly gunzTarPerm extractEntry examples/example_zebra_printer.js
144 silly gunzTarPerm modified mode [ 'examples/example_zebra_printer.js', 420, 438 ]
145 silly gunzTarPerm extractEntry examples/printFile.js
146 silly gunzTarPerm modified mode [ 'examples/printFile.js', 420, 438 ]
147 silly gunzTarPerm extractEntry examples/printPDFFileInBuffer.js
148 silly gunzTarPerm modified mode [ 'examples/printPDFFileInBuffer.js', 420, 438 ]
149 silly gunzTarPerm extractEntry examples/printPDFInWindows.js
150 silly gunzTarPerm modified mode [ 'examples/printPDFInWindows.js', 420, 438 ]
151 silly gunzTarPerm extractEntry examples/print_raw.js
152 silly gunzTarPerm modified mode [ 'examples/print_raw.js', 420, 438 ]
153 silly gunzTarPerm extractEntry examples/getSupportedJobCommands.js
154 silly gunzTarPerm modified mode [ 'examples/getSupportedJobCommands.js', 420, 438 ]
155 silly gunzTarPerm extractEntry examples/test.pdf
156 silly gunzTarPerm modified mode [ 'examples/test.pdf', 420, 438 ]
157 silly gunzTarPerm extractEntry lib/index.js
158 silly gunzTarPerm modified mode [ 'lib/index.js', 420, 438 ]
159 silly gunzTarPerm extractEntry lib/printer.js
160 silly gunzTarPerm modified mode [ 'lib/printer.js', 420, 438 ]
161 silly gunzTarPerm extractEntry src/macros.hh
162 silly gunzTarPerm modified mode [ 'src/macros.hh', 420, 438 ]
163 silly gunzTarPerm extractEntry src/node_printer.cc
164 silly gunzTarPerm modified mode [ 'src/node_printer.cc', 420, 438 ]
165 silly gunzTarPerm extractEntry src/node_printer.hpp
166 silly gunzTarPerm modified mode [ 'src/node_printer.hpp', 420, 438 ]
167 silly gunzTarPerm extractEntry src/node_printer_posix.cc
168 silly gunzTarPerm modified mode [ 'src/node_printer_posix.cc', 420, 438 ]
169 silly gunzTarPerm extractEntry src/node_printer_win.cc
170 silly gunzTarPerm modified mode [ 'src/node_printer_win.cc', 420, 438 ]
171 silly gunzTarPerm extractEntry .travis.yml
172 silly gunzTarPerm modified mode [ '.travis.yml', 420, 438 ]
173 silly gunzTarPerm extractEntry tools/getSourceFiles.py
174 silly gunzTarPerm modified mode [ 'tools/getSourceFiles.py', 420, 438 ]
175 silly gentlyRm C:\Users\z07\WebstormProjects\ztprint\node_modules\.staging\printer-e82a7661\node_modules is being purged
176 verbose gentlyRm don't care about contents; nuking C:\Users\z07\WebstormProjects\ztprint\node_modules\.staging\printer-e82a7661\node_modules
177 silly doParallel preinstall 1
178 silly preinstall printer@0.2.1 C:\Users\z07\WebstormProjects\ztprint\node_modules\.staging\printer-e82a7661
179 info lifecycle printer@0.2.1~preinstall: printer@0.2.1
180 silly lifecycle printer@0.2.1~preinstall: no script for preinstall, continuing
181 silly doReverseSerial remove 0
182 silly doSerial move 0
183 silly doSerial finalize 1
184 silly finalize C:\Users\z07\WebstormProjects\ztprint\node_modules\printer
185 silly doSerial build 1
186 silly build printer@0.2.1
187 info linkStuff printer@0.2.1
188 silly linkStuff printer@0.2.1 has C:\Users\z07\WebstormProjects\ztprint\node_modules as its parent node_modules
189 verbose linkBins printer@0.2.1
190 verbose linkMans printer@0.2.1
191 silly doSerial global-link 0
192 silly doParallel update-linked 0
193 silly doSerial install 1
194 silly install printer@0.2.1 C:\Users\z07\WebstormProjects\ztprint\node_modules\.staging\printer-e82a7661
195 info lifecycle printer@0.2.1~install: printer@0.2.1
196 verbose lifecycle printer@0.2.1~install: unsafe-perm in lifecycle true
197 verbose lifecycle printer@0.2.1~install: PATH: C:\Users\z07\AppData\Roaming\npm\node_modules\npm\bin\node-gyp-bin;C:\Users\z07\WebstormProjects\ztprint\node_modules\printer\node_modules\.bin;C:\Users\z07\WebstormProjects\ztprint\node_modules\.bin;C:\Program Files\nodejs;C:\ProgramData\Oracle\Java\javapath;C:\Windows\system32;C:\Windows;C:\Windows\System32\Wbem;C:\Windows\System32\WindowsPowerShell\v1.0\;C:\Program Files\nodejs\;C:\Program Files\TortoiseSVN\bin;C:\Program Files\Java\jdk1.7.0_79\bin;C:\Program Files\Java\jdk1.7.0_79\jre7\bin;C:\Program Files\Git\cmd;C:\Program Files\MongoDB\Server\3.2\bin;C:\Program Files\apache-maven-3.3.9\bin;D:\Android\sdk\tools;D:\Android\sdk\platform-tools;C:\ProgramData\chocolatey\bin;C:\Python27;C:\Program Files (x86)\Windows Kits\8.1\Windows Performance Toolkit\;C:\Users\z07\AppData\Roaming\npm
198 verbose lifecycle printer@0.2.1~install: CWD: C:\Users\z07\WebstormProjects\ztprint\node_modules\printer
199 silly lifecycle printer@0.2.1~install: Args: [ '/d /s /c', 'node-gyp rebuild' ]
200 silly lifecycle printer@0.2.1~install: Returned: code: 1  signal: null
201 info lifecycle printer@0.2.1~install: Failed to exec install script
202 verbose unlock done using C:\Users\z07\AppData\Roaming\npm-cache\_locks\staging-46bd9dce9dba3868.lock for C:\Users\z07\WebstormProjects\ztprint\node_modules\.staging
203 silly rollbackFailedOptional Starting
204 silly rollbackFailedOptional Finishing
205 silly runTopLevelLifecycles Starting
206 silly runTopLevelLifecycles Finishing
207 silly install printInstalled
208 warn ztprint@1.0.0 No repository field.
209 verbose stack Error: printer@0.2.1 install: `node-gyp rebuild`
209 verbose stack Exit status 1
209 verbose stack     at EventEmitter.<anonymous> (C:\Users\z07\AppData\Roaming\npm\node_modules\npm\lib\utils\lifecycle.js:242:16)
209 verbose stack     at emitTwo (events.js:87:13)
209 verbose stack     at EventEmitter.emit (events.js:172:7)
209 verbose stack     at ChildProcess.<anonymous> (C:\Users\z07\AppData\Roaming\npm\node_modules\npm\lib\utils\spawn.js:40:14)
209 verbose stack     at emitTwo (events.js:87:13)
209 verbose stack     at ChildProcess.emit (events.js:172:7)
209 verbose stack     at maybeClose (internal/child_process.js:827:16)
209 verbose stack     at Process.ChildProcess._handle.onexit (internal/child_process.js:211:5)
210 verbose pkgid printer@0.2.1
211 verbose cwd C:\Users\z07\WebstormProjects\ztprint
212 error Windows_NT 10.0.10240
213 error argv "C:\\Program Files\\nodejs\\node.exe" "C:\\Users\\z07\\AppData\\Roaming\\npm\\node_modules\\npm\\bin\\npm-cli.js" "install" "printer" "--msvs_version=2013"
214 error node v4.4.3
215 error npm  v3.10.2
216 error code ELIFECYCLE
217 error printer@0.2.1 install: `node-gyp rebuild`
217 error Exit status 1
218 error Failed at the printer@0.2.1 install script 'node-gyp rebuild'.
218 error Make sure you have the latest version of node.js and npm installed.
218 error If you do, this is most likely a problem with the printer package,
218 error not with npm itself.
218 error Tell the author that this fails on your system:
218 error     node-gyp rebuild
218 error You can get information on how to open an issue for this project with:
218 error     npm bugs printer
218 error Or if that isn't available, you can get their info via:
218 error     npm owner ls printer
218 error There is likely additional logging output above.
219 verbose exit [ 1, true ]
